
*** Running vivado
    with args -log Processor_Wrapper.vds -m64 -mode batch -messageDb vivado.pb -notrace -source Processor_Wrapper.tcl


****** Vivado v2015.2 (64-bit)
  **** SW Build 1266856 on Fri Jun 26 16:35:25 MDT 2015
  **** IP Build 1264090 on Wed Jun 24 14:22:01 MDT 2015
    ** Copyright 1986-2015 Xilinx, Inc. All Rights Reserved.

source Processor_Wrapper.tcl -notrace
Command: synth_design -top Processor_Wrapper -part xc7a35tcpg236-1
Starting synth_design
Attempting to get a license for feature 'Synthesis' and/or device 'xc7a35t'
INFO: [Common 17-349] Got license for feature 'Synthesis' and/or device 'xc7a35t'
INFO: [Common 17-1223] The version limit for your license is '2015.12' and will expire in -74 days. A version limit expiration means that, although you may be able to continue to use the current version of tools or IP with this license, you will not be eligible for any updates or new releases.
---------------------------------------------------------------------------------
Starting RTL Elaboration : Time (s): cpu = 00:00:04 ; elapsed = 00:00:04 . Memory (MB): peak = 1058.879 ; gain = 154.520 ; free physical = 872 ; free virtual = 89766
---------------------------------------------------------------------------------
INFO: [Synth 8-638] synthesizing module 'Processor_Wrapper' [/home/s1231893/DigiLab/IR_Transmitter/IR_Transmitter.srcs/sources_1/new/Processor_Wrapper.v:23]
INFO: [Synth 8-638] synthesizing module 'Processor' [/home/s1231893/DigiLab/IR_Transmitter/IR_Transmitter.srcs/sources_1/imports/proc/Processor.v:22]
	Parameter IDLE bound to: 8'b11110000 
	Parameter GET_THREAD_START_ADDR_0 bound to: 8'b11110001 
	Parameter GET_THREAD_START_ADDR_1 bound to: 8'b11110010 
	Parameter GET_THREAD_START_ADDR_2 bound to: 8'b11110011 
	Parameter CHOOSE_OPP bound to: 8'b00000000 
	Parameter READ_FROM_MEM_TO_A bound to: 8'b00010000 
	Parameter READ_FROM_MEM_TO_B bound to: 8'b00010001 
	Parameter READ_FROM_MEM_0 bound to: 8'b00010010 
	Parameter READ_FROM_MEM_1 bound to: 8'b00010011 
	Parameter READ_FROM_MEM_2 bound to: 8'b00010100 
	Parameter WRITE_TO_MEM_FROM_A bound to: 8'b00100000 
	Parameter WRITE_TO_MEM_FROM_B bound to: 8'b00100001 
	Parameter WRITE_TO_MEM_0 bound to: 8'b00100010 
	Parameter DO_MATHS_OPP_SAVE_IN_A bound to: 8'b00110000 
	Parameter DO_MATHS_OPP_SAVE_IN_B bound to: 8'b00110001 
	Parameter DO_MATHS_OPP_0 bound to: 8'b00110010 
	Parameter IF_A_EQUALITY_B_GOTO bound to: 8'b01000000 
	Parameter IF_A_EQUALITY_B_GOTO_0 bound to: 8'b01000001 
	Parameter IF_A_EQUALITY_B_GOTO_1 bound to: 8'b01000010 
	Parameter GOTO bound to: 8'b01010000 
	Parameter GOTO_0 bound to: 8'b01010001 
	Parameter GOTO_1 bound to: 8'b01010010 
	Parameter FUNCTION_START bound to: 8'b01100000 
	Parameter FUNCTION_START_0 bound to: 8'b01100001 
	Parameter FUNCTION_START_1 bound to: 8'b01100010 
	Parameter RETURN bound to: 8'b01100101 
	Parameter DE_REFERENCE_A bound to: 8'b01110000 
	Parameter DE_REFERENCE_B bound to: 8'b01110001 
	Parameter DE_REFERENCE_0 bound to: 8'b01110101 
	Parameter DE_REFERENCE_1 bound to: 8'b01110110 
INFO: [Synth 8-638] synthesizing module 'ALU' [/home/s1231893/DigiLab/IR_Transmitter/IR_Transmitter.srcs/sources_1/imports/proc/ALU.v:23]
INFO: [Synth 8-256] done synthesizing module 'ALU' (1#1) [/home/s1231893/DigiLab/IR_Transmitter/IR_Transmitter.srcs/sources_1/imports/proc/ALU.v:23]
INFO: [Synth 8-155] case statement is not full and has no default [/home/s1231893/DigiLab/IR_Transmitter/IR_Transmitter.srcs/sources_1/imports/proc/Processor.v:235]
INFO: [Synth 8-256] done synthesizing module 'Processor' (2#1) [/home/s1231893/DigiLab/IR_Transmitter/IR_Transmitter.srcs/sources_1/imports/proc/Processor.v:22]
INFO: [Synth 8-638] synthesizing module 'ROM' [/home/s1231893/DigiLab/IR_Transmitter/IR_Transmitter.srcs/sources_1/imports/proc/ROM.v:22]
	Parameter RAMAddrWidth bound to: 8 - type: integer 
INFO: [Synth 8-3876] $readmem data file '/home/s1231893/DigiLab/IR_Transmitter/Complete_Demo_ROM.txt' is read successfully [/home/s1231893/DigiLab/IR_Transmitter/IR_Transmitter.srcs/sources_1/imports/proc/ROM.v:36]
INFO: [Synth 8-256] done synthesizing module 'ROM' (3#1) [/home/s1231893/DigiLab/IR_Transmitter/IR_Transmitter.srcs/sources_1/imports/proc/ROM.v:22]
INFO: [Synth 8-638] synthesizing module 'RAM' [/home/s1231893/DigiLab/IR_Transmitter/IR_Transmitter.srcs/sources_1/imports/proc/RAM.v:23]
	Parameter RAMBaseAddr bound to: 0 - type: integer 
	Parameter RAMAddrWidth bound to: 7 - type: integer 
INFO: [Synth 8-3876] $readmem data file '/home/s1231893/DigiLab/IR_Transmitter/Complete_Demo_RAM.txt' is read successfully [/home/s1231893/DigiLab/IR_Transmitter/IR_Transmitter.srcs/sources_1/imports/proc/RAM.v:49]
INFO: [Synth 8-256] done synthesizing module 'RAM' (4#1) [/home/s1231893/DigiLab/IR_Transmitter/IR_Transmitter.srcs/sources_1/imports/proc/RAM.v:23]
INFO: [Synth 8-638] synthesizing module 'Timer' [/home/s1231893/DigiLab/IR_Transmitter/IR_Transmitter.srcs/sources_1/imports/proc/Timer.v:22]
	Parameter TimerBaseAddr bound to: 8'b11110000 
	Parameter InitialIterruptRate bound to: 100 - type: integer 
	Parameter InitialIterruptEnable bound to: 1'b1 
INFO: [Synth 8-256] done synthesizing module 'Timer' (5#1) [/home/s1231893/DigiLab/IR_Transmitter/IR_Transmitter.srcs/sources_1/imports/proc/Timer.v:22]
INFO: [Synth 8-638] synthesizing module 'IR_Processor_Interface' [/home/s1231893/DigiLab/IR_Transmitter/IR_Transmitter.srcs/sources_1/new/IR_Processor_Interface.v:23]
	Parameter IRBaseAddr bound to: 8'b10010000 
	Parameter InitialIR bound to: 8'b00000000 
INFO: [Synth 8-638] synthesizing module 'IRTransmitterMaster' [/home/s1231893/DigiLab/IR_Transmitter/IR_Transmitter.srcs/sources_1/new/IRTransmitterMaster.v:22]
INFO: [Synth 8-638] synthesizing module 'NewCounter' [/home/s1231893/DigiLab/IR_Transmitter/IR_Transmitter.srcs/sources_1/new/NewCounter.v:23]
	Parameter COUNT_WIDTH bound to: 24 - type: integer 
	Parameter COUNT_MAX bound to: 10000000 - type: integer 
INFO: [Synth 8-256] done synthesizing module 'NewCounter' (6#1) [/home/s1231893/DigiLab/IR_Transmitter/IR_Transmitter.srcs/sources_1/new/NewCounter.v:23]
WARNING: [Synth 8-350] instance 'PacketTriggerGen' of module 'NewCounter' requires 5 connections, but only 4 given [/home/s1231893/DigiLab/IR_Transmitter/IR_Transmitter.srcs/sources_1/new/IRTransmitterMaster.v:44]
INFO: [Synth 8-638] synthesizing module 'NewCounter__parameterized0' [/home/s1231893/DigiLab/IR_Transmitter/IR_Transmitter.srcs/sources_1/new/NewCounter.v:23]
	Parameter COUNT_WIDTH bound to: 22 - type: integer 
	Parameter COUNT_MAX bound to: 2500000 - type: integer 
INFO: [Synth 8-256] done synthesizing module 'NewCounter__parameterized0' (6#1) [/home/s1231893/DigiLab/IR_Transmitter/IR_Transmitter.srcs/sources_1/new/NewCounter.v:23]
WARNING: [Synth 8-350] instance 'AllPacketTriggerGen' of module 'NewCounter' requires 5 connections, but only 4 given [/home/s1231893/DigiLab/IR_Transmitter/IR_Transmitter.srcs/sources_1/new/IRTransmitterMaster.v:61]
INFO: [Synth 8-638] synthesizing module 'IRTransmitterSM' [/home/s1231893/DigiLab/IR_Transmitter/IR_Transmitter.srcs/sources_1/new/IRTransmitterSM.v:24]
	Parameter StartBurstSize bound to: 191 - type: integer 
	Parameter CarSelectBurstSize bound to: 47 - type: integer 
	Parameter GapSize bound to: 25 - type: integer 
	Parameter AssertBurstSize bound to: 47 - type: integer 
	Parameter DeAssertBurstSize bound to: 22 - type: integer 
	Parameter Frequency bound to: 36000 - type: integer 
INFO: [Synth 8-638] synthesizing module 'NewCounter__parameterized1' [/home/s1231893/DigiLab/IR_Transmitter/IR_Transmitter.srcs/sources_1/new/NewCounter.v:23]
	Parameter COUNT_WIDTH bound to: 11 - type: integer 
	Parameter COUNT_MAX bound to: 1388 - type: integer 
INFO: [Synth 8-256] done synthesizing module 'NewCounter__parameterized1' (6#1) [/home/s1231893/DigiLab/IR_Transmitter/IR_Transmitter.srcs/sources_1/new/NewCounter.v:23]
WARNING: [Synth 8-350] instance 'PulseGen' of module 'NewCounter' requires 5 connections, but only 4 given [/home/s1231893/DigiLab/IR_Transmitter/IR_Transmitter.srcs/sources_1/new/IRTransmitterSM.v:55]
WARNING: [Synth 8-567] referenced signal 'RESET' should be on the sensitivity list [/home/s1231893/DigiLab/IR_Transmitter/IR_Transmitter.srcs/sources_1/new/IRTransmitterSM.v:91]
INFO: [Synth 8-155] case statement is not full and has no default [/home/s1231893/DigiLab/IR_Transmitter/IR_Transmitter.srcs/sources_1/new/IRTransmitterSM.v:131]
INFO: [Synth 8-256] done synthesizing module 'IRTransmitterSM' (7#1) [/home/s1231893/DigiLab/IR_Transmitter/IR_Transmitter.srcs/sources_1/new/IRTransmitterSM.v:24]
INFO: [Synth 8-638] synthesizing module 'IRTransmitterSM__parameterized0' [/home/s1231893/DigiLab/IR_Transmitter/IR_Transmitter.srcs/sources_1/new/IRTransmitterSM.v:24]
	Parameter StartBurstSize bound to: 192 - type: integer 
	Parameter CarSelectBurstSize bound to: 24 - type: integer 
	Parameter GapSize bound to: 24 - type: integer 
	Parameter AssertBurstSize bound to: 48 - type: integer 
	Parameter DeAssertBurstSize bound to: 24 - type: integer 
	Parameter Frequency bound to: 36000 - type: integer 
INFO: [Synth 8-638] synthesizing module 'NewCounter__parameterized2' [/home/s1231893/DigiLab/IR_Transmitter/IR_Transmitter.srcs/sources_1/new/NewCounter.v:23]
	Parameter COUNT_WIDTH bound to: 11 - type: integer 
	Parameter COUNT_MAX bound to: 1388 - type: integer 
INFO: [Synth 8-256] done synthesizing module 'NewCounter__parameterized2' (7#1) [/home/s1231893/DigiLab/IR_Transmitter/IR_Transmitter.srcs/sources_1/new/NewCounter.v:23]
WARNING: [Synth 8-350] instance 'PulseGen' of module 'NewCounter' requires 5 connections, but only 4 given [/home/s1231893/DigiLab/IR_Transmitter/IR_Transmitter.srcs/sources_1/new/IRTransmitterSM.v:55]
WARNING: [Synth 8-567] referenced signal 'RESET' should be on the sensitivity list [/home/s1231893/DigiLab/IR_Transmitter/IR_Transmitter.srcs/sources_1/new/IRTransmitterSM.v:91]
INFO: [Synth 8-155] case statement is not full and has no default [/home/s1231893/DigiLab/IR_Transmitter/IR_Transmitter.srcs/sources_1/new/IRTransmitterSM.v:131]
INFO: [Synth 8-256] done synthesizing module 'IRTransmitterSM__parameterized0' (7#1) [/home/s1231893/DigiLab/IR_Transmitter/IR_Transmitter.srcs/sources_1/new/IRTransmitterSM.v:24]
INFO: [Synth 8-638] synthesizing module 'IRTransmitterSM__parameterized1' [/home/s1231893/DigiLab/IR_Transmitter/IR_Transmitter.srcs/sources_1/new/IRTransmitterSM.v:24]
	Parameter StartBurstSize bound to: 88 - type: integer 
	Parameter CarSelectBurstSize bound to: 22 - type: integer 
	Parameter GapSize bound to: 40 - type: integer 
	Parameter AssertBurstSize bound to: 44 - type: integer 
	Parameter DeAssertBurstSize bound to: 22 - type: integer 
	Parameter Frequency bound to: 40000 - type: integer 
INFO: [Synth 8-638] synthesizing module 'NewCounter__parameterized3' [/home/s1231893/DigiLab/IR_Transmitter/IR_Transmitter.srcs/sources_1/new/NewCounter.v:23]
	Parameter COUNT_WIDTH bound to: 11 - type: integer 
	Parameter COUNT_MAX bound to: 1250 - type: integer 
INFO: [Synth 8-256] done synthesizing module 'NewCounter__parameterized3' (7#1) [/home/s1231893/DigiLab/IR_Transmitter/IR_Transmitter.srcs/sources_1/new/NewCounter.v:23]
WARNING: [Synth 8-350] instance 'PulseGen' of module 'NewCounter' requires 5 connections, but only 4 given [/home/s1231893/DigiLab/IR_Transmitter/IR_Transmitter.srcs/sources_1/new/IRTransmitterSM.v:55]
WARNING: [Synth 8-567] referenced signal 'RESET' should be on the sensitivity list [/home/s1231893/DigiLab/IR_Transmitter/IR_Transmitter.srcs/sources_1/new/IRTransmitterSM.v:91]
INFO: [Synth 8-155] case statement is not full and has no default [/home/s1231893/DigiLab/IR_Transmitter/IR_Transmitter.srcs/sources_1/new/IRTransmitterSM.v:131]
INFO: [Synth 8-256] done synthesizing module 'IRTransmitterSM__parameterized1' (7#1) [/home/s1231893/DigiLab/IR_Transmitter/IR_Transmitter.srcs/sources_1/new/IRTransmitterSM.v:24]
INFO: [Synth 8-638] synthesizing module 'IRTransmitterSM__parameterized2' [/home/s1231893/DigiLab/IR_Transmitter/IR_Transmitter.srcs/sources_1/new/IRTransmitterSM.v:24]
	Parameter StartBurstSize bound to: 88 - type: integer 
	Parameter CarSelectBurstSize bound to: 44 - type: integer 
	Parameter GapSize bound to: 40 - type: integer 
	Parameter AssertBurstSize bound to: 44 - type: integer 
	Parameter DeAssertBurstSize bound to: 22 - type: integer 
	Parameter Frequency bound to: 37500 - type: integer 
INFO: [Synth 8-638] synthesizing module 'NewCounter__parameterized4' [/home/s1231893/DigiLab/IR_Transmitter/IR_Transmitter.srcs/sources_1/new/NewCounter.v:23]
	Parameter COUNT_WIDTH bound to: 11 - type: integer 
	Parameter COUNT_MAX bound to: 1333 - type: integer 
INFO: [Synth 8-256] done synthesizing module 'NewCounter__parameterized4' (7#1) [/home/s1231893/DigiLab/IR_Transmitter/IR_Transmitter.srcs/sources_1/new/NewCounter.v:23]
WARNING: [Synth 8-350] instance 'PulseGen' of module 'NewCounter' requires 5 connections, but only 4 given [/home/s1231893/DigiLab/IR_Transmitter/IR_Transmitter.srcs/sources_1/new/IRTransmitterSM.v:55]
WARNING: [Synth 8-567] referenced signal 'RESET' should be on the sensitivity list [/home/s1231893/DigiLab/IR_Transmitter/IR_Transmitter.srcs/sources_1/new/IRTransmitterSM.v:91]
INFO: [Synth 8-155] case statement is not full and has no default [/home/s1231893/DigiLab/IR_Transmitter/IR_Transmitter.srcs/sources_1/new/IRTransmitterSM.v:131]
INFO: [Synth 8-256] done synthesizing module 'IRTransmitterSM__parameterized2' (7#1) [/home/s1231893/DigiLab/IR_Transmitter/IR_Transmitter.srcs/sources_1/new/IRTransmitterSM.v:24]
INFO: [Synth 8-638] synthesizing module 'NewCounter__parameterized5' [/home/s1231893/DigiLab/IR_Transmitter/IR_Transmitter.srcs/sources_1/new/NewCounter.v:23]
	Parameter COUNT_WIDTH bound to: 16 - type: integer 
	Parameter COUNT_MAX bound to: 999999 - type: integer 
INFO: [Synth 8-256] done synthesizing module 'NewCounter__parameterized5' (7#1) [/home/s1231893/DigiLab/IR_Transmitter/IR_Transmitter.srcs/sources_1/new/NewCounter.v:23]
WARNING: [Synth 8-350] instance 'Bit16' of module 'NewCounter' requires 5 connections, but only 4 given [/home/s1231893/DigiLab/IR_Transmitter/IR_Transmitter.srcs/sources_1/new/IRTransmitterMaster.v:208]
INFO: [Synth 8-638] synthesizing module 'NewCounter__parameterized6' [/home/s1231893/DigiLab/IR_Transmitter/IR_Transmitter.srcs/sources_1/new/NewCounter.v:23]
	Parameter COUNT_WIDTH bound to: 2 - type: integer 
	Parameter COUNT_MAX bound to: 3 - type: integer 
INFO: [Synth 8-256] done synthesizing module 'NewCounter__parameterized6' (7#1) [/home/s1231893/DigiLab/IR_Transmitter/IR_Transmitter.srcs/sources_1/new/NewCounter.v:23]
WARNING: [Synth 8-350] instance 'Bit2' of module 'NewCounter' requires 5 connections, but only 4 given [/home/s1231893/DigiLab/IR_Transmitter/IR_Transmitter.srcs/sources_1/new/IRTransmitterMaster.v:222]
INFO: [Synth 8-638] synthesizing module 'Seg7Decoder' [/home/s1231893/DigiLab/IR_Transmitter/IR_Transmitter.srcs/sources_1/imports/Snake/Seg7Decoder.v:20]
INFO: [Synth 8-226] default block is never used [/home/s1231893/DigiLab/IR_Transmitter/IR_Transmitter.srcs/sources_1/imports/Snake/Seg7Decoder.v:31]
INFO: [Synth 8-256] done synthesizing module 'Seg7Decoder' (8#1) [/home/s1231893/DigiLab/IR_Transmitter/IR_Transmitter.srcs/sources_1/imports/Snake/Seg7Decoder.v:20]
WARNING: [Synth 8-567] referenced signal 'MODE' should be on the sensitivity list [/home/s1231893/DigiLab/IR_Transmitter/IR_Transmitter.srcs/sources_1/new/IRTransmitterMaster.v:173]
WARNING: [Synth 8-567] referenced signal 'CS1' should be on the sensitivity list [/home/s1231893/DigiLab/IR_Transmitter/IR_Transmitter.srcs/sources_1/new/IRTransmitterMaster.v:173]
WARNING: [Synth 8-567] referenced signal 'CS0' should be on the sensitivity list [/home/s1231893/DigiLab/IR_Transmitter/IR_Transmitter.srcs/sources_1/new/IRTransmitterMaster.v:173]
INFO: [Synth 8-256] done synthesizing module 'IRTransmitterMaster' (9#1) [/home/s1231893/DigiLab/IR_Transmitter/IR_Transmitter.srcs/sources_1/new/IRTransmitterMaster.v:22]
WARNING: [Synth 8-350] instance 'IR' of module 'IRTransmitterMaster' requires 12 connections, but only 10 given [/home/s1231893/DigiLab/IR_Transmitter/IR_Transmitter.srcs/sources_1/new/IR_Processor_Interface.v:47]
INFO: [Synth 8-256] done synthesizing module 'IR_Processor_Interface' (10#1) [/home/s1231893/DigiLab/IR_Transmitter/IR_Transmitter.srcs/sources_1/new/IR_Processor_Interface.v:23]
INFO: [Synth 8-256] done synthesizing module 'Processor_Wrapper' (11#1) [/home/s1231893/DigiLab/IR_Transmitter/IR_Transmitter.srcs/sources_1/new/Processor_Wrapper.v:23]
---------------------------------------------------------------------------------
Finished RTL Elaboration : Time (s): cpu = 00:00:05 ; elapsed = 00:00:05 . Memory (MB): peak = 1097.160 ; gain = 192.801 ; free physical = 832 ; free virtual = 89726
---------------------------------------------------------------------------------

Report Check Netlist: 
+------+------------------+-------+---------+-------+------------------+
|      |Item              |Errors |Warnings |Status |Description       |
+------+------------------+-------+---------+-------+------------------+
|1     |multi_driven_nets |      0|        0|Passed |Multi driven nets |
+------+------------------+-------+---------+-------+------------------+
---------------------------------------------------------------------------------
Finished RTL Optimization Phase 1 : Time (s): cpu = 00:00:05 ; elapsed = 00:00:06 . Memory (MB): peak = 1097.160 ; gain = 192.801 ; free physical = 834 ; free virtual = 89728
---------------------------------------------------------------------------------
INFO: [Device 21-403] Loading part xc7a35tcpg236-1
INFO: [Project 1-570] Preparing netlist for logic optimization

Processing XDC Constraints
Initializing timing engine
Parsing XDC File [/home/s1231893/DigiLab/IR_Transmitter/IR_Transmitter.srcs/constrs_1/new/IRTransmitterMaster_constraints.xdc]
Finished Parsing XDC File [/home/s1231893/DigiLab/IR_Transmitter/IR_Transmitter.srcs/constrs_1/new/IRTransmitterMaster_constraints.xdc]
Completed Processing XDC Constraints

INFO: [Project 1-111] Unisim Transformation Summary:
No Unisim elements were transformed.

Constraint Validation Runtime : Time (s): cpu = 00:00:00 ; elapsed = 00:00:00 . Memory (MB): peak = 1422.215 ; gain = 0.000 ; free physical = 663 ; free virtual = 89557
---------------------------------------------------------------------------------
Finished Constraint Validation : Time (s): cpu = 00:00:10 ; elapsed = 00:00:13 . Memory (MB): peak = 1422.215 ; gain = 517.855 ; free physical = 660 ; free virtual = 89554
---------------------------------------------------------------------------------
---------------------------------------------------------------------------------
Start Loading Part and Timing Information
---------------------------------------------------------------------------------
Loading part: xc7a35tcpg236-1
---------------------------------------------------------------------------------
Finished Loading Part and Timing Information : Time (s): cpu = 00:00:10 ; elapsed = 00:00:13 . Memory (MB): peak = 1422.215 ; gain = 517.855 ; free physical = 660 ; free virtual = 89554
---------------------------------------------------------------------------------
---------------------------------------------------------------------------------
Start Applying 'set_property' XDC Constraints
---------------------------------------------------------------------------------
---------------------------------------------------------------------------------
Finished applying 'set_property' XDC Constraints : Time (s): cpu = 00:00:10 ; elapsed = 00:00:13 . Memory (MB): peak = 1422.215 ; gain = 517.855 ; free physical = 660 ; free virtual = 89554
---------------------------------------------------------------------------------
INFO: [Synth 8-3537] HDL ADVISOR - The operator resource <adder> is shared. To prevent sharing consider applying a KEEP on the inputs of the operator [/home/s1231893/DigiLab/IR_Transmitter/IR_Transmitter.srcs/sources_1/imports/proc/ALU.v:42]
INFO: [Synth 8-802] inferred FSM for state register 'CurrState_reg' in module 'Processor'
INFO: [Synth 8-5546] ROM "NextState" won't be mapped to RAM because it is too sparse
INFO: [Synth 8-5546] ROM "NextProgCounterOffset" won't be mapped to RAM because it is too sparse
INFO: [Synth 8-5546] ROM "NextBusDataOut" won't be mapped to RAM because it is too sparse
INFO: [Synth 8-5546] ROM "NextRegSelect" won't be mapped to RAM because it is too sparse
INFO: [Synth 8-5546] ROM "NextProgContext" won't be mapped to RAM because it is too sparse
INFO: [Synth 8-5544] ROM "NextState" won't be mapped to Block RAM because address size (4) smaller than threshold (5)
INFO: [Synth 8-5544] ROM "NextState" won't be mapped to Block RAM because address size (1) smaller than threshold (5)
INFO: [Synth 8-5544] ROM "NextState" won't be mapped to Block RAM because address size (1) smaller than threshold (5)
INFO: [Synth 8-5546] ROM "ROM" won't be mapped to RAM because it is too sparse
INFO: [Synth 8-5545] ROM "DownCounter" won't be mapped to RAM because address size (32) is larger than maximum supported(18)
INFO: [Synth 8-5545] ROM "Timer" won't be mapped to RAM because address size (32) is larger than maximum supported(18)
INFO: [Synth 8-5546] ROM "TransmitTimerValue" won't be mapped to RAM because it is too sparse
INFO: [Synth 8-802] inferred FSM for state register 'PacketState_reg' in module 'IRTransmitterSM'
INFO: [Synth 8-5544] ROM "Next_IR" won't be mapped to Block RAM because address size (4) smaller than threshold (5)
INFO: [Synth 8-5544] ROM "Count" won't be mapped to Block RAM because address size (4) smaller than threshold (5)
INFO: [Synth 8-802] inferred FSM for state register 'PacketState_reg' in module 'IRTransmitterSM__parameterized0'
INFO: [Synth 8-5544] ROM "Next_IR" won't be mapped to Block RAM because address size (4) smaller than threshold (5)
INFO: [Synth 8-5544] ROM "Count" won't be mapped to Block RAM because address size (4) smaller than threshold (5)
INFO: [Synth 8-802] inferred FSM for state register 'PacketState_reg' in module 'IRTransmitterSM__parameterized1'
INFO: [Synth 8-5544] ROM "Next_IR" won't be mapped to Block RAM because address size (4) smaller than threshold (5)
INFO: [Synth 8-5544] ROM "Count" won't be mapped to Block RAM because address size (4) smaller than threshold (5)
INFO: [Synth 8-802] inferred FSM for state register 'PacketState_reg' in module 'IRTransmitterSM__parameterized2'
INFO: [Synth 8-5544] ROM "Next_IR" won't be mapped to Block RAM because address size (4) smaller than threshold (5)
INFO: [Synth 8-5544] ROM "Count" won't be mapped to Block RAM because address size (4) smaller than threshold (5)
INFO: [Synth 8-5544] ROM "HEX_OUT" won't be mapped to Block RAM because address size (4) smaller than threshold (5)
---------------------------------------------------------------------------------------------------
                   State |                     New Encoding |                     Old Encoding 
---------------------------------------------------------------------------------------------------
              CHOOSE_OPP |                            00000 |                         00000000
      READ_FROM_MEM_TO_A |                            00001 |                         00010000
      READ_FROM_MEM_TO_B |                            00010 |                         00010001
         READ_FROM_MEM_0 |                            00011 |                         00010010
         READ_FROM_MEM_1 |                            00100 |                         00010011
         READ_FROM_MEM_2 |                            00101 |                         00010100
     WRITE_TO_MEM_FROM_A |                            00110 |                         00100000
     WRITE_TO_MEM_FROM_B |                            00111 |                         00100001
          WRITE_TO_MEM_0 |                            01000 |                         00100010
  DO_MATHS_OPP_SAVE_IN_A |                            01001 |                         00110000
  DO_MATHS_OPP_SAVE_IN_B |                            01010 |                         00110001
          DO_MATHS_OPP_0 |                            01011 |                         00110010
    IF_A_EQUALITY_B_GOTO |                            01100 |                         01000000
  IF_A_EQUALITY_B_GOTO_0 |                            01101 |                         01000001
  IF_A_EQUALITY_B_GOTO_1 |                            01110 |                         01000010
                    GOTO |                            01111 |                         01010000
                  GOTO_0 |                            10000 |                         01010001
                  GOTO_1 |                            10001 |                         01010010
                    IDLE |                            10010 |                         11110000
 GET_THREAD_START_ADDR_0 |                            10011 |                         11110001
 GET_THREAD_START_ADDR_1 |                            10100 |                         11110010
 GET_THREAD_START_ADDR_2 |                            10101 |                         11110011
          FUNCTION_START |                            10110 |                         01100000
        FUNCTION_START_0 |                            10111 |                         01100001
        FUNCTION_START_1 |                            11000 |                         01100010
                  RETURN |                            11001 |                         01100101
          DE_REFERENCE_A |                            11010 |                         01110000
          DE_REFERENCE_B |                            11011 |                         01110001
          DE_REFERENCE_0 |                            11100 |                         01110101
          DE_REFERENCE_1 |                            11101 |                         01110110
---------------------------------------------------------------------------------------------------
INFO: [Synth 8-3354] encoded FSM with state register 'CurrState_reg' using encoding 'sequential' in module 'Processor'
INFO: [Synth 8-5562] The signal Mem_reg is implemented as block RAM but is better mapped onto distributed LUT RAM for the following reason(s): The *depth (7 address bits)* is shallow. Please use attribute (* ram_style = "distributed" *) to instruct Vivado to infer distributed LUT RAM.
---------------------------------------------------------------------------------------------------
                   State |                     New Encoding |                     Old Encoding 
---------------------------------------------------------------------------------------------------
                  iSTATE |                             0000 |                             0000
                 iSTATE0 |                             0001 |                             0001
                 iSTATE1 |                             0010 |                             0010
                 iSTATE2 |                             0011 |                             0011
                 iSTATE3 |                             0100 |                             0100
                 iSTATE4 |                             0101 |                             0101
                 iSTATE5 |                             0110 |                             0110
                 iSTATE6 |                             0111 |                             0111
                 iSTATE7 |                             1000 |                             1000
                 iSTATE8 |                             1001 |                             1001
                 iSTATE9 |                             1010 |                             1010
                iSTATE10 |                             1011 |                             1011
---------------------------------------------------------------------------------------------------
INFO: [Synth 8-3354] encoded FSM with state register 'PacketState_reg' using encoding 'sequential' in module 'IRTransmitterSM'
---------------------------------------------------------------------------------------------------
                   State |                     New Encoding |                     Old Encoding 
---------------------------------------------------------------------------------------------------
                  iSTATE |                             0000 |                             0000
                 iSTATE0 |                             0001 |                             0001
                 iSTATE1 |                             0010 |                             0010
                 iSTATE2 |                             0011 |                             0011
                 iSTATE3 |                             0100 |                             0100
                 iSTATE4 |                             0101 |                             0101
                 iSTATE5 |                             0110 |                             0110
                 iSTATE6 |                             0111 |                             0111
                 iSTATE7 |                             1000 |                             1000
                 iSTATE8 |                             1001 |                             1001
                 iSTATE9 |                             1010 |                             1010
                iSTATE10 |                             1011 |                             1011
---------------------------------------------------------------------------------------------------
INFO: [Synth 8-3354] encoded FSM with state register 'PacketState_reg' using encoding 'sequential' in module 'IRTransmitterSM__parameterized0'
---------------------------------------------------------------------------------------------------
                   State |                     New Encoding |                     Old Encoding 
---------------------------------------------------------------------------------------------------
                  iSTATE |                             0000 |                             0000
                 iSTATE0 |                             0001 |                             0001
                 iSTATE1 |                             0010 |                             0010
                 iSTATE2 |                             0011 |                             0011
                 iSTATE3 |                             0100 |                             0100
                 iSTATE4 |                             0101 |                             0101
                 iSTATE5 |                             0110 |                             0110
                 iSTATE6 |                             0111 |                             0111
                 iSTATE7 |                             1000 |                             1000
                 iSTATE8 |                             1001 |                             1001
                 iSTATE9 |                             1010 |                             1010
                iSTATE10 |                             1011 |                             1011
---------------------------------------------------------------------------------------------------
INFO: [Synth 8-3354] encoded FSM with state register 'PacketState_reg' using encoding 'sequential' in module 'IRTransmitterSM__parameterized1'
---------------------------------------------------------------------------------------------------
                   State |                     New Encoding |                     Old Encoding 
---------------------------------------------------------------------------------------------------
                  iSTATE |                             0000 |                             0000
                 iSTATE0 |                             0001 |                             0001
                 iSTATE1 |                             0010 |                             0010
                 iSTATE2 |                             0011 |                             0011
                 iSTATE3 |                             0100 |                             0100
                 iSTATE4 |                             0101 |                             0101
                 iSTATE5 |                             0110 |                             0110
                 iSTATE6 |                             0111 |                             0111
                 iSTATE7 |                             1000 |                             1000
                 iSTATE8 |                             1001 |                             1001
                 iSTATE9 |                             1010 |                             1010
                iSTATE10 |                             1011 |                             1011
---------------------------------------------------------------------------------------------------
INFO: [Synth 8-3354] encoded FSM with state register 'PacketState_reg' using encoding 'sequential' in module 'IRTransmitterSM__parameterized2'
---------------------------------------------------------------------------------
Finished RTL Optimization Phase 2 : Time (s): cpu = 00:00:11 ; elapsed = 00:00:14 . Memory (MB): peak = 1422.215 ; gain = 517.855 ; free physical = 646 ; free virtual = 89540
---------------------------------------------------------------------------------

Report RTL Partitions: 
+-+--------------+------------+----------+
| |RTL Partition |Replication |Instances |
+-+--------------+------------+----------+
+-+--------------+------------+----------+
---------------------------------------------------------------------------------
Start RTL Component Statistics 
---------------------------------------------------------------------------------
Detailed RTL Component Info : 
+---Adders : 
	   2 Input     32 Bit       Adders := 18    
	   2 Input     24 Bit       Adders := 1     
	   2 Input     22 Bit       Adders := 1     
	   2 Input     11 Bit       Adders := 4     
	   3 Input      8 Bit       Adders := 1     
	   2 Input      8 Bit       Adders := 7     
	   2 Input      2 Bit       Adders := 1     
+---Registers : 
	               32 Bit    Registers := 2     
	               24 Bit    Registers := 1     
	               22 Bit    Registers := 1     
	               11 Bit    Registers := 4     
	                8 Bit    Registers := 31    
	                4 Bit    Registers := 1     
	                2 Bit    Registers := 4     
	                1 Bit    Registers := 35    
+---RAMs : 
	             1024 Bit         RAMs := 1     
+---Muxes : 
	  13 Input      8 Bit        Muxes := 3     
	   8 Input      8 Bit        Muxes := 1     
	   3 Input      8 Bit        Muxes := 17    
	  30 Input      8 Bit        Muxes := 4     
	   2 Input      8 Bit        Muxes := 24    
	 257 Input      8 Bit        Muxes := 1     
	  12 Input      8 Bit        Muxes := 4     
	   6 Input      7 Bit        Muxes := 1     
	   2 Input      7 Bit        Muxes := 1     
	  46 Input      5 Bit        Muxes := 1     
	  12 Input      4 Bit        Muxes := 4     
	   4 Input      4 Bit        Muxes := 1     
	   2 Input      4 Bit        Muxes := 1     
	  13 Input      3 Bit        Muxes := 1     
	   3 Input      2 Bit        Muxes := 1     
	  30 Input      2 Bit        Muxes := 1     
	   2 Input      2 Bit        Muxes := 1     
	   4 Input      2 Bit        Muxes := 1     
	  30 Input      1 Bit        Muxes := 9     
	   2 Input      1 Bit        Muxes := 9     
	  12 Input      1 Bit        Muxes := 16    
	   4 Input      1 Bit        Muxes := 5     
---------------------------------------------------------------------------------
Finished RTL Component Statistics 
---------------------------------------------------------------------------------
---------------------------------------------------------------------------------
Start RTL Hierarchical Component Statistics 
---------------------------------------------------------------------------------
Hierarchical RTL Component report 
Module ALU 
Detailed RTL Component Info : 
+---Adders : 
	   3 Input      8 Bit       Adders := 1     
+---Registers : 
	                8 Bit    Registers := 1     
+---Muxes : 
	  13 Input      8 Bit        Muxes := 3     
	   8 Input      8 Bit        Muxes := 1     
	  13 Input      3 Bit        Muxes := 1     
Module Processor 
Detailed RTL Component Info : 
+---Adders : 
	   2 Input      8 Bit       Adders := 3     
+---Registers : 
	                8 Bit    Registers := 6     
	                2 Bit    Registers := 2     
	                1 Bit    Registers := 2     
+---Muxes : 
	   3 Input      8 Bit        Muxes := 1     
	  30 Input      8 Bit        Muxes := 4     
	   2 Input      8 Bit        Muxes := 1     
	  46 Input      5 Bit        Muxes := 1     
	   3 Input      2 Bit        Muxes := 1     
	  30 Input      2 Bit        Muxes := 1     
	  30 Input      1 Bit        Muxes := 9     
Module ROM 
Detailed RTL Component Info : 
+---Registers : 
	                8 Bit    Registers := 1     
+---Muxes : 
	 257 Input      8 Bit        Muxes := 1     
Module RAM 
Detailed RTL Component Info : 
+---Registers : 
	                8 Bit    Registers := 1     
	                1 Bit    Registers := 1     
+---RAMs : 
	             1024 Bit         RAMs := 1     
Module Timer 
Detailed RTL Component Info : 
+---Adders : 
	   2 Input     32 Bit       Adders := 2     
+---Registers : 
	               32 Bit    Registers := 2     
	                8 Bit    Registers := 1     
	                1 Bit    Registers := 4     
+---Muxes : 
	   2 Input      1 Bit        Muxes := 4     
Module NewCounter 
Detailed RTL Component Info : 
+---Adders : 
	   2 Input     24 Bit       Adders := 1     
+---Registers : 
	               24 Bit    Registers := 1     
	                1 Bit    Registers := 1     
Module NewCounter__parameterized0 
Detailed RTL Component Info : 
+---Adders : 
	   2 Input     22 Bit       Adders := 1     
+---Registers : 
	               22 Bit    Registers := 1     
	                1 Bit    Registers := 1     
Module NewCounter__parameterized1 
Detailed RTL Component Info : 
+---Adders : 
	   2 Input     11 Bit       Adders := 1     
+---Registers : 
	               11 Bit    Registers := 1     
	                1 Bit    Registers := 1     
Module IRTransmitterSM 
Detailed RTL Component Info : 
+---Adders : 
	   2 Input     32 Bit       Adders := 4     
	   2 Input      8 Bit       Adders := 1     
+---Registers : 
	                8 Bit    Registers := 5     
	                1 Bit    Registers := 3     
+---Muxes : 
	   3 Input      8 Bit        Muxes := 4     
	   2 Input      8 Bit        Muxes := 6     
	  12 Input      8 Bit        Muxes := 1     
	  12 Input      4 Bit        Muxes := 1     
	  12 Input      1 Bit        Muxes := 4     
Module NewCounter__parameterized2 
Detailed RTL Component Info : 
+---Adders : 
	   2 Input     11 Bit       Adders := 1     
+---Registers : 
	               11 Bit    Registers := 1     
	                1 Bit    Registers := 1     
Module IRTransmitterSM__parameterized0 
Detailed RTL Component Info : 
+---Adders : 
	   2 Input     32 Bit       Adders := 4     
	   2 Input      8 Bit       Adders := 1     
+---Registers : 
	                8 Bit    Registers := 5     
	                1 Bit    Registers := 3     
+---Muxes : 
	   3 Input      8 Bit        Muxes := 4     
	   2 Input      8 Bit        Muxes := 5     
	  12 Input      8 Bit        Muxes := 1     
	  12 Input      4 Bit        Muxes := 1     
	  12 Input      1 Bit        Muxes := 4     
Module NewCounter__parameterized3 
Detailed RTL Component Info : 
+---Adders : 
	   2 Input     11 Bit       Adders := 1     
+---Registers : 
	               11 Bit    Registers := 1     
	                1 Bit    Registers := 1     
Module IRTransmitterSM__parameterized1 
Detailed RTL Component Info : 
+---Adders : 
	   2 Input     32 Bit       Adders := 4     
	   2 Input      8 Bit       Adders := 1     
+---Registers : 
	                8 Bit    Registers := 5     
	                1 Bit    Registers := 3     
+---Muxes : 
	   3 Input      8 Bit        Muxes := 4     
	   2 Input      8 Bit        Muxes := 6     
	  12 Input      8 Bit        Muxes := 1     
	  12 Input      4 Bit        Muxes := 1     
	  12 Input      1 Bit        Muxes := 4     
Module NewCounter__parameterized4 
Detailed RTL Component Info : 
+---Adders : 
	   2 Input     11 Bit       Adders := 1     
+---Registers : 
	               11 Bit    Registers := 1     
	                1 Bit    Registers := 1     
Module IRTransmitterSM__parameterized2 
Detailed RTL Component Info : 
+---Adders : 
	   2 Input     32 Bit       Adders := 4     
	   2 Input      8 Bit       Adders := 1     
+---Registers : 
	                8 Bit    Registers := 5     
	                1 Bit    Registers := 3     
+---Muxes : 
	   3 Input      8 Bit        Muxes := 4     
	   2 Input      8 Bit        Muxes := 6     
	  12 Input      8 Bit        Muxes := 1     
	  12 Input      4 Bit        Muxes := 1     
	  12 Input      1 Bit        Muxes := 4     
Module NewCounter__parameterized5 
Detailed RTL Component Info : 
+---Registers : 
	                1 Bit    Registers := 1     
Module NewCounter__parameterized6 
Detailed RTL Component Info : 
+---Adders : 
	   2 Input      2 Bit       Adders := 1     
+---Registers : 
	                2 Bit    Registers := 1     
	                1 Bit    Registers := 1     
+---Muxes : 
	   2 Input      2 Bit        Muxes := 1     
Module Seg7Decoder 
Detailed RTL Component Info : 
+---Muxes : 
	   6 Input      7 Bit        Muxes := 1     
	   2 Input      7 Bit        Muxes := 1     
	   4 Input      4 Bit        Muxes := 1     
Module IRTransmitterMaster 
Detailed RTL Component Info : 
+---Registers : 
	                4 Bit    Registers := 1     
	                2 Bit    Registers := 1     
	                1 Bit    Registers := 8     
+---Muxes : 
	   2 Input      4 Bit        Muxes := 1     
	   4 Input      2 Bit        Muxes := 1     
	   2 Input      1 Bit        Muxes := 5     
	   4 Input      1 Bit        Muxes := 5     
Module IR_Processor_Interface 
Detailed RTL Component Info : 
+---Registers : 
	                8 Bit    Registers := 1     
---------------------------------------------------------------------------------
Finished RTL Hierarchical Component Statistics
---------------------------------------------------------------------------------
---------------------------------------------------------------------------------
Start Part Resource Summary
---------------------------------------------------------------------------------
Part Resources:
DSPs: 120 (col length:60)
BRAMs: 150 (col length: RAMB18 60 RAMB36 30)
---------------------------------------------------------------------------------
Finished Part Resource Summary
---------------------------------------------------------------------------------
Start Parallel Synthesis Optimization  : Time (s): cpu = 00:00:11 ; elapsed = 00:00:14 . Memory (MB): peak = 1422.215 ; gain = 517.855 ; free physical = 645 ; free virtual = 89539
---------------------------------------------------------------------------------
Start Cross Boundary Optimization
---------------------------------------------------------------------------------
INFO: [Synth 8-5545] ROM "Time/DownCounter" won't be mapped to RAM because address size (32) is larger than maximum supported(18)
INFO: [Synth 8-5545] ROM "Time/Timer" won't be mapped to RAM because address size (32) is larger than maximum supported(18)
INFO: [Synth 8-5546] ROM "Time/TransmitTimerValue" won't be mapped to RAM because it is too sparse
---------------------------------------------------------------------------------
Finished Cross Boundary Optimization : Time (s): cpu = 00:00:12 ; elapsed = 00:00:15 . Memory (MB): peak = 1422.215 ; gain = 517.855 ; free physical = 644 ; free virtual = 89539
---------------------------------------------------------------------------------
Finished Parallel Reinference  : Time (s): cpu = 00:00:12 ; elapsed = 00:00:15 . Memory (MB): peak = 1422.215 ; gain = 517.855 ; free physical = 644 ; free virtual = 89539

Report RTL Partitions: 
+-+--------------+------------+----------+
| |RTL Partition |Replication |Instances |
+-+--------------+------------+----------+
+-+--------------+------------+----------+
INFO: [Synth 8-5562] The signal Ram/Mem_reg is implemented as block RAM but is better mapped onto distributed LUT RAM for the following reason(s): The *depth (7 address bits)* is shallow. Please use attribute (* ram_style = "distributed" *) to instruct Vivado to infer distributed LUT RAM.
---------------------------------------------------------------------------------
Start ROM, RAM, DSP and Shift Register Reporting
---------------------------------------------------------------------------------

Block RAM:
+------------------+-------------+------------------------+---+---+------------------------+---+---+---------+--------+--------+-----------------------------+
|Module Name       | RTL Object  | PORT A (Depth x Width) | W | R | PORT B (Depth x Width) | W | R | OUT_REG | RAMB18 | RAMB36 | Hierarchical Name           | 
+------------------+-------------+------------------------+---+---+------------------------+---+---+---------+--------+--------+-----------------------------+
|Processor_Wrapper | Ram/Mem_reg | 128 x 8(READ_FIRST)    | W | R |                        |   |   | Port A  | 1      | 0      | Processor_Wrapper/extram__2 | 
+------------------+-------------+------------------------+---+---+------------------------+---+---+---------+--------+--------+-----------------------------+

Note: The table shows the Block RAMs at the current stage of the synthesis flow. Some Block RAMs may be reimplemented as non Block RAM primitives later in the synthesis flow. Multiple instantiated Block RAMs are reported only once. "Hierarchical Name" reflects the Block RAM name as it appears in the hierarchical module and only part of it is displayed.
---------------------------------------------------------------------------------
Finished ROM, RAM, DSP and Shift Register Reporting
---------------------------------------------------------------------------------
INFO: [Synth 8-3333] propagating constant 0 across sequential element (\Proc/CurrProgCounterOffset_reg[1] )
INFO: [Synth 8-3333] propagating constant 1 across sequential element (\IR/IR /\BlueCar/CurrBwd_reg[2] )
INFO: [Synth 8-3333] propagating constant 0 across sequential element (\IR/IR /\BlueCar/CurrBwd_reg[7] )
WARNING: [Synth 8-3332] Sequential element (\PacketTriggerGen/Counter_reg[23] ) is unused and will be removed from module IRTransmitterMaster.
WARNING: [Synth 8-3332] Sequential element (\PacketTriggerGen/Counter_reg[22] ) is unused and will be removed from module IRTransmitterMaster.
WARNING: [Synth 8-3332] Sequential element (\PacketTriggerGen/Counter_reg[21] ) is unused and will be removed from module IRTransmitterMaster.
WARNING: [Synth 8-3332] Sequential element (\PacketTriggerGen/Counter_reg[20] ) is unused and will be removed from module IRTransmitterMaster.
WARNING: [Synth 8-3332] Sequential element (\PacketTriggerGen/Counter_reg[19] ) is unused and will be removed from module IRTransmitterMaster.
WARNING: [Synth 8-3332] Sequential element (\PacketTriggerGen/Counter_reg[18] ) is unused and will be removed from module IRTransmitterMaster.
WARNING: [Synth 8-3332] Sequential element (\PacketTriggerGen/Counter_reg[17] ) is unused and will be removed from module IRTransmitterMaster.
WARNING: [Synth 8-3332] Sequential element (\PacketTriggerGen/Counter_reg[16] ) is unused and will be removed from module IRTransmitterMaster.
WARNING: [Synth 8-3332] Sequential element (\PacketTriggerGen/Counter_reg[15] ) is unused and will be removed from module IRTransmitterMaster.
WARNING: [Synth 8-3332] Sequential element (\PacketTriggerGen/Counter_reg[14] ) is unused and will be removed from module IRTransmitterMaster.
WARNING: [Synth 8-3332] Sequential element (\PacketTriggerGen/Counter_reg[13] ) is unused and will be removed from module IRTransmitterMaster.
WARNING: [Synth 8-3332] Sequential element (\PacketTriggerGen/Counter_reg[12] ) is unused and will be removed from module IRTransmitterMaster.
WARNING: [Synth 8-3332] Sequential element (\PacketTriggerGen/Counter_reg[11] ) is unused and will be removed from module IRTransmitterMaster.
WARNING: [Synth 8-3332] Sequential element (\PacketTriggerGen/Counter_reg[10] ) is unused and will be removed from module IRTransmitterMaster.
WARNING: [Synth 8-3332] Sequential element (\PacketTriggerGen/Counter_reg[9] ) is unused and will be removed from module IRTransmitterMaster.
WARNING: [Synth 8-3332] Sequential element (\PacketTriggerGen/Counter_reg[8] ) is unused and will be removed from module IRTransmitterMaster.
WARNING: [Synth 8-3332] Sequential element (\PacketTriggerGen/Counter_reg[7] ) is unused and will be removed from module IRTransmitterMaster.
WARNING: [Synth 8-3332] Sequential element (\PacketTriggerGen/Counter_reg[6] ) is unused and will be removed from module IRTransmitterMaster.
WARNING: [Synth 8-3332] Sequential element (\PacketTriggerGen/Counter_reg[5] ) is unused and will be removed from module IRTransmitterMaster.
WARNING: [Synth 8-3332] Sequential element (\PacketTriggerGen/Counter_reg[4] ) is unused and will be removed from module IRTransmitterMaster.
WARNING: [Synth 8-3332] Sequential element (\PacketTriggerGen/Counter_reg[3] ) is unused and will be removed from module IRTransmitterMaster.
WARNING: [Synth 8-3332] Sequential element (\PacketTriggerGen/Counter_reg[2] ) is unused and will be removed from module IRTransmitterMaster.
WARNING: [Synth 8-3332] Sequential element (\PacketTriggerGen/Counter_reg[1] ) is unused and will be removed from module IRTransmitterMaster.
WARNING: [Synth 8-3332] Sequential element (\PacketTriggerGen/Counter_reg[0] ) is unused and will be removed from module IRTransmitterMaster.
WARNING: [Synth 8-3332] Sequential element (\PacketTriggerGen/TriggerOut_reg ) is unused and will be removed from module IRTransmitterMaster.
WARNING: [Synth 8-3332] Sequential element (\BlueCar/CurrRight_reg[3] ) is unused and will be removed from module IRTransmitterMaster.
WARNING: [Synth 8-3332] Sequential element (\BlueCar/CurrRight_reg[0] ) is unused and will be removed from module IRTransmitterMaster.
WARNING: [Synth 8-3332] Sequential element (\BlueCar/CurrLeft_reg[3] ) is unused and will be removed from module IRTransmitterMaster.
WARNING: [Synth 8-3332] Sequential element (\BlueCar/CurrLeft_reg[0] ) is unused and will be removed from module IRTransmitterMaster.
WARNING: [Synth 8-3332] Sequential element (\BlueCar/CurrBwd_reg[3] ) is unused and will be removed from module IRTransmitterMaster.
WARNING: [Synth 8-3332] Sequential element (\BlueCar/CurrBwd_reg[0] ) is unused and will be removed from module IRTransmitterMaster.
WARNING: [Synth 8-3332] Sequential element (\BlueCar/CurrFwd_reg[3] ) is unused and will be removed from module IRTransmitterMaster.
WARNING: [Synth 8-3332] Sequential element (\BlueCar/CurrFwd_reg[0] ) is unused and will be removed from module IRTransmitterMaster.
WARNING: [Synth 8-3332] Sequential element (\YellowCar/CurrRight_reg[3] ) is unused and will be removed from module IRTransmitterMaster.
WARNING: [Synth 8-3332] Sequential element (\YellowCar/CurrRight_reg[1] ) is unused and will be removed from module IRTransmitterMaster.
WARNING: [Synth 8-3332] Sequential element (\YellowCar/CurrLeft_reg[3] ) is unused and will be removed from module IRTransmitterMaster.
WARNING: [Synth 8-3332] Sequential element (\YellowCar/CurrLeft_reg[1] ) is unused and will be removed from module IRTransmitterMaster.
WARNING: [Synth 8-3332] Sequential element (\YellowCar/CurrBwd_reg[3] ) is unused and will be removed from module IRTransmitterMaster.
WARNING: [Synth 8-3332] Sequential element (\YellowCar/CurrBwd_reg[1] ) is unused and will be removed from module IRTransmitterMaster.
WARNING: [Synth 8-3332] Sequential element (\YellowCar/CurrFwd_reg[3] ) is unused and will be removed from module IRTransmitterMaster.
WARNING: [Synth 8-3332] Sequential element (\YellowCar/CurrFwd_reg[1] ) is unused and will be removed from module IRTransmitterMaster.
WARNING: [Synth 8-3332] Sequential element (\GreenCar/CurrRight_reg[3] ) is unused and will be removed from module IRTransmitterMaster.
WARNING: [Synth 8-3332] Sequential element (\GreenCar/CurrRight_reg[1] ) is unused and will be removed from module IRTransmitterMaster.
WARNING: [Synth 8-3332] Sequential element (\GreenCar/CurrLeft_reg[3] ) is unused and will be removed from module IRTransmitterMaster.
WARNING: [Synth 8-3332] Sequential element (\GreenCar/CurrLeft_reg[1] ) is unused and will be removed from module IRTransmitterMaster.
WARNING: [Synth 8-3332] Sequential element (\GreenCar/CurrBwd_reg[3] ) is unused and will be removed from module IRTransmitterMaster.
WARNING: [Synth 8-3332] Sequential element (\GreenCar/CurrBwd_reg[1] ) is unused and will be removed from module IRTransmitterMaster.
WARNING: [Synth 8-3332] Sequential element (\GreenCar/CurrFwd_reg[3] ) is unused and will be removed from module IRTransmitterMaster.
WARNING: [Synth 8-3332] Sequential element (\GreenCar/CurrFwd_reg[1] ) is unused and will be removed from module IRTransmitterMaster.
WARNING: [Synth 8-3332] Sequential element (\GreenCar/CurrLeft_reg[0] ) is unused and will be removed from module IRTransmitterMaster.
WARNING: [Synth 8-3332] Sequential element (\GreenCar/CurrLeft_reg[2] ) is unused and will be removed from module IRTransmitterMaster.
WARNING: [Synth 8-3332] Sequential element (\Bit2/Counter_reg[1] ) is unused and will be removed from module IRTransmitterMaster.
WARNING: [Synth 8-3332] Sequential element (\Bit2/Counter_reg[0] ) is unused and will be removed from module IRTransmitterMaster.
WARNING: [Synth 8-3332] Sequential element (\SegIn_reg[2] ) is unused and will be removed from module IRTransmitterMaster.
WARNING: [Synth 8-3332] Sequential element (\SegIn_reg[1] ) is unused and will be removed from module IRTransmitterMaster.
WARNING: [Synth 8-3332] Sequential element (\SegIn_reg[0] ) is unused and will be removed from module IRTransmitterMaster.
WARNING: [Synth 8-3332] Sequential element (\GreenCar/CurrFwd_reg[7] ) is unused and will be removed from module IRTransmitterMaster.
WARNING: [Synth 8-3332] Sequential element (\Bit16/TriggerOut_reg ) is unused and will be removed from module IRTransmitterMaster.
WARNING: [Synth 8-3332] Sequential element (\GreenCar/CurrLeft_reg[6] ) is unused and will be removed from module IRTransmitterMaster.
WARNING: [Synth 8-3332] Sequential element (\GreenCar/CurrLeft_reg[7] ) is unused and will be removed from module IRTransmitterMaster.
WARNING: [Synth 8-3332] Sequential element (\GreenCar/CurrFwd_reg[0] ) is unused and will be removed from module IRTransmitterMaster.
WARNING: [Synth 8-3332] Sequential element (\YellowCar/CurrBwd_reg[2] ) is unused and will be removed from module IRTransmitterMaster.
WARNING: [Synth 8-3332] Sequential element (\GreenCar/CurrFwd_reg[2] ) is unused and will be removed from module IRTransmitterMaster.
WARNING: [Synth 8-3332] Sequential element (\GreenCar/CurrFwd_reg[6] ) is unused and will be removed from module IRTransmitterMaster.
WARNING: [Synth 8-3332] Sequential element (\YellowCar/CurrBwd_reg[7] ) is unused and will be removed from module IRTransmitterMaster.
WARNING: [Synth 8-3332] Sequential element (\GreenCar/CurrRight_reg[0] ) is unused and will be removed from module IRTransmitterMaster.
WARNING: [Synth 8-3332] Sequential element (\GreenCar/CurrRight_reg[2] ) is unused and will be removed from module IRTransmitterMaster.
WARNING: [Synth 8-3332] Sequential element (\GreenCar/CurrRight_reg[6] ) is unused and will be removed from module IRTransmitterMaster.
WARNING: [Synth 8-3332] Sequential element (\GreenCar/CurrRight_reg[7] ) is unused and will be removed from module IRTransmitterMaster.
WARNING: [Synth 8-3332] Sequential element (\GreenCar/CurrBwd_reg[0] ) is unused and will be removed from module IRTransmitterMaster.
WARNING: [Synth 8-3332] Sequential element (\GreenCar/CurrBwd_reg[2] ) is unused and will be removed from module IRTransmitterMaster.
WARNING: [Synth 8-3332] Sequential element (\GreenCar/CurrBwd_reg[6] ) is unused and will be removed from module IRTransmitterMaster.
WARNING: [Synth 8-3332] Sequential element (\GreenCar/CurrBwd_reg[7] ) is unused and will be removed from module IRTransmitterMaster.
WARNING: [Synth 8-3332] Sequential element (\RedCar/CurrLeft_reg[0] ) is unused and will be removed from module IRTransmitterMaster.
WARNING: [Synth 8-3332] Sequential element (\RedCar/CurrLeft_reg[1] ) is unused and will be removed from module IRTransmitterMaster.
WARNING: [Synth 8-3332] Sequential element (\RedCar/CurrLeft_reg[2] ) is unused and will be removed from module IRTransmitterMaster.
WARNING: [Synth 8-3332] Sequential element (\RedCar/CurrLeft_reg[4] ) is unused and will be removed from module IRTransmitterMaster.
WARNING: [Synth 8-3332] Sequential element (\RedCar/CurrLeft_reg[6] ) is unused and will be removed from module IRTransmitterMaster.
WARNING: [Synth 8-3332] Sequential element (\RedCar/CurrLeft_reg[7] ) is unused and will be removed from module IRTransmitterMaster.
WARNING: [Synth 8-3332] Sequential element (\RedCar/CurrFwd_reg[0] ) is unused and will be removed from module IRTransmitterMaster.
WARNING: [Synth 8-3332] Sequential element (\RedCar/CurrFwd_reg[1] ) is unused and will be removed from module IRTransmitterMaster.
WARNING: [Synth 8-3332] Sequential element (\RedCar/CurrFwd_reg[2] ) is unused and will be removed from module IRTransmitterMaster.
WARNING: [Synth 8-3332] Sequential element (\RedCar/CurrFwd_reg[4] ) is unused and will be removed from module IRTransmitterMaster.
WARNING: [Synth 8-3332] Sequential element (\RedCar/CurrFwd_reg[6] ) is unused and will be removed from module IRTransmitterMaster.
WARNING: [Synth 8-3332] Sequential element (\RedCar/CurrFwd_reg[7] ) is unused and will be removed from module IRTransmitterMaster.
WARNING: [Synth 8-3332] Sequential element (\RedCar/CurrRight_reg[0] ) is unused and will be removed from module IRTransmitterMaster.
WARNING: [Synth 8-3332] Sequential element (\RedCar/CurrRight_reg[1] ) is unused and will be removed from module IRTransmitterMaster.
WARNING: [Synth 8-3332] Sequential element (\RedCar/CurrRight_reg[2] ) is unused and will be removed from module IRTransmitterMaster.
WARNING: [Synth 8-3332] Sequential element (\RedCar/CurrRight_reg[4] ) is unused and will be removed from module IRTransmitterMaster.
WARNING: [Synth 8-3332] Sequential element (\RedCar/CurrRight_reg[6] ) is unused and will be removed from module IRTransmitterMaster.
WARNING: [Synth 8-3332] Sequential element (\RedCar/CurrRight_reg[7] ) is unused and will be removed from module IRTransmitterMaster.
WARNING: [Synth 8-3332] Sequential element (\RedCar/CurrBwd_reg[0] ) is unused and will be removed from module IRTransmitterMaster.
WARNING: [Synth 8-3332] Sequential element (\RedCar/CurrBwd_reg[1] ) is unused and will be removed from module IRTransmitterMaster.
WARNING: [Synth 8-3332] Sequential element (\RedCar/CurrBwd_reg[2] ) is unused and will be removed from module IRTransmitterMaster.
WARNING: [Synth 8-3332] Sequential element (\RedCar/CurrBwd_reg[4] ) is unused and will be removed from module IRTransmitterMaster.
WARNING: [Synth 8-3332] Sequential element (\RedCar/CurrBwd_reg[6] ) is unused and will be removed from module IRTransmitterMaster.
WARNING: [Synth 8-3332] Sequential element (\RedCar/CurrBwd_reg[7] ) is unused and will be removed from module IRTransmitterMaster.
WARNING: [Synth 8-3332] Sequential element (\YellowCar/CurrLeft_reg[0] ) is unused and will be removed from module IRTransmitterMaster.
WARNING: [Synth 8-3332] Sequential element (\YellowCar/CurrLeft_reg[2] ) is unused and will be removed from module IRTransmitterMaster.
WARNING: [Synth 8-3332] Sequential element (\YellowCar/CurrLeft_reg[6] ) is unused and will be removed from module IRTransmitterMaster.
INFO: [Common 17-14] Message 'Synth 8-3332' appears 100 times and further instances of the messages will be disabled. Use the Tcl command set_msg_config to change the current settings.
---------------------------------------------------------------------------------
Start Area Optimization
---------------------------------------------------------------------------------
---------------------------------------------------------------------------------
Finished Area Optimization : Time (s): cpu = 00:00:14 ; elapsed = 00:00:17 . Memory (MB): peak = 1422.215 ; gain = 517.855 ; free physical = 585 ; free virtual = 89479
---------------------------------------------------------------------------------
Finished Parallel Area Optimization  : Time (s): cpu = 00:00:14 ; elapsed = 00:00:17 . Memory (MB): peak = 1422.215 ; gain = 517.855 ; free physical = 585 ; free virtual = 89479

Report RTL Partitions: 
+-+--------------+------------+----------+
| |RTL Partition |Replication |Instances |
+-+--------------+------------+----------+
+-+--------------+------------+----------+
Finished Parallel Synthesis Optimization  : Time (s): cpu = 00:00:14 ; elapsed = 00:00:17 . Memory (MB): peak = 1422.215 ; gain = 517.855 ; free physical = 585 ; free virtual = 89479
---------------------------------------------------------------------------------
Start Timing Optimization
---------------------------------------------------------------------------------
---------------------------------------------------------------------------------
Start Applying XDC Timing Constraints
---------------------------------------------------------------------------------
---------------------------------------------------------------------------------
Finished Applying XDC Timing Constraints : Time (s): cpu = 00:00:21 ; elapsed = 00:00:24 . Memory (MB): peak = 1422.215 ; gain = 517.855 ; free physical = 586 ; free virtual = 89481
---------------------------------------------------------------------------------
---------------------------------------------------------------------------------
Finished Timing Optimization : Time (s): cpu = 00:00:21 ; elapsed = 00:00:24 . Memory (MB): peak = 1422.215 ; gain = 517.855 ; free physical = 585 ; free virtual = 89479
---------------------------------------------------------------------------------

Report RTL Partitions: 
+-+--------------+------------+----------+
| |RTL Partition |Replication |Instances |
+-+--------------+------------+----------+
+-+--------------+------------+----------+
---------------------------------------------------------------------------------
Start Technology Mapping
---------------------------------------------------------------------------------
INFO: [Synth 8-4480] The timing for the instance \Ram/Mem_reg  (implemented as a block RAM) might be sub-optimal as no optional output register could be merged into the block ram. Providing additional output register may help in improving timing.
---------------------------------------------------------------------------------
Finished Technology Mapping : Time (s): cpu = 00:00:21 ; elapsed = 00:00:24 . Memory (MB): peak = 1422.215 ; gain = 517.855 ; free physical = 557 ; free virtual = 89451
---------------------------------------------------------------------------------

Report RTL Partitions: 
+-+--------------+------------+----------+
| |RTL Partition |Replication |Instances |
+-+--------------+------------+----------+
+-+--------------+------------+----------+
---------------------------------------------------------------------------------
Start IO Insertion
---------------------------------------------------------------------------------
---------------------------------------------------------------------------------
Start Final Netlist Cleanup
---------------------------------------------------------------------------------
---------------------------------------------------------------------------------
Finished Final Netlist Cleanup
---------------------------------------------------------------------------------
---------------------------------------------------------------------------------
Finished IO Insertion : Time (s): cpu = 00:00:22 ; elapsed = 00:00:25 . Memory (MB): peak = 1422.215 ; gain = 517.855 ; free physical = 557 ; free virtual = 89451
---------------------------------------------------------------------------------

Report Check Netlist: 
+------+------------------+-------+---------+-------+------------------+
|      |Item              |Errors |Warnings |Status |Description       |
+------+------------------+-------+---------+-------+------------------+
|1     |multi_driven_nets |      0|        0|Passed |Multi driven nets |
+------+------------------+-------+---------+-------+------------------+
---------------------------------------------------------------------------------
Start Renaming Generated Instances
---------------------------------------------------------------------------------
---------------------------------------------------------------------------------
Finished Renaming Generated Instances : Time (s): cpu = 00:00:22 ; elapsed = 00:00:25 . Memory (MB): peak = 1422.215 ; gain = 517.855 ; free physical = 557 ; free virtual = 89451
---------------------------------------------------------------------------------

Report RTL Partitions: 
+-+--------------+------------+----------+
| |RTL Partition |Replication |Instances |
+-+--------------+------------+----------+
+-+--------------+------------+----------+
---------------------------------------------------------------------------------
Start Rebuilding User Hierarchy
---------------------------------------------------------------------------------
---------------------------------------------------------------------------------
Finished Rebuilding User Hierarchy : Time (s): cpu = 00:00:22 ; elapsed = 00:00:25 . Memory (MB): peak = 1422.215 ; gain = 517.855 ; free physical = 557 ; free virtual = 89451
---------------------------------------------------------------------------------
---------------------------------------------------------------------------------
Start Renaming Generated Ports : Time (s): cpu = 00:00:22 ; elapsed = 00:00:25 . Memory (MB): peak = 1422.215 ; gain = 517.855 ; free physical = 557 ; free virtual = 89451
---------------------------------------------------------------------------------
---------------------------------------------------------------------------------
Finished Renaming Generated Ports : Time (s): cpu = 00:00:22 ; elapsed = 00:00:25 . Memory (MB): peak = 1422.215 ; gain = 517.855 ; free physical = 557 ; free virtual = 89451
---------------------------------------------------------------------------------
---------------------------------------------------------------------------------
Start Writing Synthesis Report
---------------------------------------------------------------------------------

Report BlackBoxes: 
+-+--------------+----------+
| |BlackBox name |Instances |
+-+--------------+----------+
+-+--------------+----------+

Report Cell Usage: 
+------+---------+------+
|      |Cell     |Count |
+------+---------+------+
|1     |BUFG     |     1|
|2     |CARRY4   |    59|
|3     |LUT1     |   111|
|4     |LUT2     |   136|
|5     |LUT3     |   108|
|6     |LUT4     |   146|
|7     |LUT5     |   110|
|8     |LUT6     |   316|
|9     |MUXF7    |    20|
|10    |MUXF8    |     2|
|11    |RAMB18E1 |     1|
|12    |FDCE     |    54|
|13    |FDRE     |   269|
|14    |FDSE     |    12|
|15    |IBUF     |     2|
|16    |OBUF     |     1|
+------+---------+------+

Report Instance Areas: 
+------+--------------------------+--------------------------------+------+
|      |Instance                  |Module                          |Cells |
+------+--------------------------+--------------------------------+------+
|1     |top                       |                                |  1348|
|2     |  IR                      |IR_Processor_Interface          |   720|
|3     |    IR                    |IRTransmitterMaster             |   716|
|4     |      AllPacketTriggerGen |NewCounter__parameterized0      |    77|
|5     |      BlueCar             |IRTransmitterSM                 |   179|
|6     |        PulseGen          |NewCounter__parameterized1      |    33|
|7     |      GreenCar            |IRTransmitterSM__parameterized2 |   146|
|8     |        PulseGen          |NewCounter__parameterized4      |    33|
|9     |      RedCar              |IRTransmitterSM__parameterized0 |   138|
|10    |        PulseGen          |NewCounter__parameterized2      |    33|
|11    |      YellowCar           |IRTransmitterSM__parameterized1 |   152|
|12    |        PulseGen          |NewCounter__parameterized3      |    34|
|13    |  Proc                    |Processor                       |   252|
|14    |    ALU0                  |ALU                             |    51|
|15    |  Ram                     |RAM                             |     2|
|16    |  Rom                     |ROM                             |    58|
|17    |  Time                    |Timer                           |   308|
+------+--------------------------+--------------------------------+------+
---------------------------------------------------------------------------------
Finished Writing Synthesis Report : Time (s): cpu = 00:00:22 ; elapsed = 00:00:25 . Memory (MB): peak = 1422.215 ; gain = 517.855 ; free physical = 558 ; free virtual = 89452
---------------------------------------------------------------------------------
Synthesis finished with 0 errors, 0 critical warnings and 157 warnings.
Synthesis Optimization Runtime : Time (s): cpu = 00:00:16 ; elapsed = 00:00:17 . Memory (MB): peak = 1422.215 ; gain = 76.281 ; free physical = 557 ; free virtual = 89451
Synthesis Optimization Complete : Time (s): cpu = 00:00:22 ; elapsed = 00:00:25 . Memory (MB): peak = 1422.215 ; gain = 517.855 ; free physical = 557 ; free virtual = 89451
INFO: [Project 1-571] Translating synthesized netlist
INFO: [Netlist 29-17] Analyzing 62 Unisim elements for replacement
INFO: [Netlist 29-28] Unisim Transformation completed in 0 CPU seconds
INFO: [Project 1-570] Preparing netlist for logic optimization
INFO: [Opt 31-138] Pushed 0 inverter(s) to 0 load pin(s).
INFO: [Project 1-111] Unisim Transformation Summary:
No Unisim elements were transformed.

INFO: [Common 17-83] Releasing license: Synthesis
104 Infos, 116 Warnings, 0 Critical Warnings and 0 Errors encountered.
synth_design completed successfully
synth_design: Time (s): cpu = 00:00:21 ; elapsed = 00:00:23 . Memory (MB): peak = 1442.230 ; gain = 429.352 ; free physical = 556 ; free virtual = 89451
report_utilization: Time (s): cpu = 00:00:00.69 ; elapsed = 00:00:00.74 . Memory (MB): peak = 1475.246 ; gain = 0.000 ; free physical = 555 ; free virtual = 89450
INFO: [Common 17-206] Exiting Vivado at Mon Mar 14 16:36:20 2016...
